<?xml version="1.0" encoding="utf-8"?>
<test-run id="2" testcasecount="14" result="Failed(Child)" total="14" passed="13" failed="1" inconclusive="0" skipped="0" asserts="0" engine-version="3.5.0.0" clr-version="4.0.30319.42000" start-time="2025-07-25 09:06:07Z" end-time="2025-07-25 09:06:07Z" duration="0.130736">
  <test-suite type="TestSuite" id="1024" name="MR-Cube" fullname="MR-Cube" runstate="Runnable" testcasecount="14" result="Failed" site="Child" start-time="2025-07-25 09:06:07Z" end-time="2025-07-25 09:06:07Z" duration="0.130736" total="14" passed="13" failed="1" inconclusive="0" skipped="0" asserts="0">
    <properties>
      <property name="platform" value="PlayMode" />
    </properties>
    <failure>
      <message><![CDATA[One or more child tests had errors]]></message>
    </failure>
    <test-suite type="Assembly" id="1017" name="RuntimeTests.dll" fullname="/Users/joshuapatterson/Coding/MR-Cube/Library/ScriptAssemblies/RuntimeTests.dll" runstate="Runnable" testcasecount="14" result="Failed" site="Child" start-time="2025-07-25 09:06:07Z" end-time="2025-07-25 09:06:07Z" duration="0.126319" total="14" passed="13" failed="1" inconclusive="0" skipped="0" asserts="0">
      <properties>
        <property name="_PID" value="58674" />
        <property name="_APPDOMAIN" value="Unity Child Domain" />
        <property name="platform" value="PlayMode" />
        <property name="EditorOnly" value="False" />
      </properties>
      <failure>
        <message><![CDATA[One or more child tests had errors]]></message>
      </failure>
      <test-suite type="TestSuite" id="1018" name="MRCube" fullname="MRCube" runstate="Runnable" testcasecount="14" result="Failed" site="Child" start-time="2025-07-25 09:06:07Z" end-time="2025-07-25 09:06:07Z" duration="0.125968" total="14" passed="13" failed="1" inconclusive="0" skipped="0" asserts="0">
        <properties />
        <failure>
          <message><![CDATA[One or more child tests had errors]]></message>
        </failure>
        <test-suite type="TestSuite" id="1019" name="Tests" fullname="MRCube.Tests" runstate="Runnable" testcasecount="14" result="Failed" site="Child" start-time="2025-07-25 09:06:07Z" end-time="2025-07-25 09:06:07Z" duration="0.125732" total="14" passed="13" failed="1" inconclusive="0" skipped="0" asserts="0">
          <properties />
          <failure>
            <message><![CDATA[One or more child tests had errors]]></message>
          </failure>
          <test-suite type="TestSuite" id="1020" name="Runtime" fullname="MRCube.Tests.Runtime" runstate="Runnable" testcasecount="14" result="Failed" site="Child" start-time="2025-07-25 09:06:07Z" end-time="2025-07-25 09:06:07Z" duration="0.125503" total="14" passed="13" failed="1" inconclusive="0" skipped="0" asserts="0">
            <properties />
            <failure>
              <message><![CDATA[One or more child tests had errors]]></message>
            </failure>
            <test-suite type="TestFixture" id="1001" name="BasicRuntimeTests" fullname="MRCube.Tests.Runtime.BasicRuntimeTests" classname="MRCube.Tests.Runtime.BasicRuntimeTests" runstate="Runnable" testcasecount="10" result="Passed" start-time="2025-07-25 09:06:07Z" end-time="2025-07-25 09:06:07Z" duration="0.120634" total="10" passed="10" failed="0" inconclusive="0" skipped="0" asserts="0">
              <properties />
              <test-case id="1011" name="Application_PropertiesAccessible" fullname="MRCube.Tests.Runtime.BasicRuntimeTests.Application_PropertiesAccessible" methodname="Application_PropertiesAccessible" classname="MRCube.Tests.Runtime.BasicRuntimeTests" runstate="Runnable" seed="931371239" result="Passed" start-time="2025-07-25 09:06:07Z" end-time="2025-07-25 09:06:07Z" duration="0.006019" asserts="0">
                <properties>
                  <property name="retryIteration" value="0" />
                  <property name="repeatIteration" value="0" />
                </properties>
              </test-case>
              <test-case id="1005" name="Coroutine_WorksProperly" fullname="MRCube.Tests.Runtime.BasicRuntimeTests.Coroutine_WorksProperly" methodname="Coroutine_WorksProperly" classname="MRCube.Tests.Runtime.BasicRuntimeTests" runstate="Runnable" seed="1544552371" result="Passed" start-time="2025-07-25 09:06:07Z" end-time="2025-07-25 09:06:07Z" duration="0.101856" asserts="0">
                <properties>
                  <property name="_JOINTYPE" value="UnityCombinatorial" />
                  <property name="retryIteration" value="0" />
                  <property name="repeatIteration" value="0" />
                </properties>
              </test-case>
              <test-case id="1009" name="Debug_LogWorks" fullname="MRCube.Tests.Runtime.BasicRuntimeTests.Debug_LogWorks" methodname="Debug_LogWorks" classname="MRCube.Tests.Runtime.BasicRuntimeTests" runstate="Runnable" seed="1989053506" result="Passed" start-time="2025-07-25 09:06:07Z" end-time="2025-07-25 09:06:07Z" duration="0.002651" asserts="0">
                <properties>
                  <property name="retryIteration" value="0" />
                  <property name="repeatIteration" value="0" />
                </properties>
                <reason>
                  <message><![CDATA[Debug.Log executed without error]]></message>
                </reason>
                <output><![CDATA[Test log message
]]></output>
              </test-case>
              <test-case id="1003" name="GameObject_CanBeCreated" fullname="MRCube.Tests.Runtime.BasicRuntimeTests.GameObject_CanBeCreated" methodname="GameObject_CanBeCreated" classname="MRCube.Tests.Runtime.BasicRuntimeTests" runstate="Runnable" seed="441405643" result="Passed" start-time="2025-07-25 09:06:07Z" end-time="2025-07-25 09:06:07Z" duration="0.001702" asserts="0">
                <properties>
                  <property name="retryIteration" value="0" />
                  <property name="repeatIteration" value="0" />
                </properties>
              </test-case>
              <test-case id="1004" name="MonoBehaviour_CanBeAdded" fullname="MRCube.Tests.Runtime.BasicRuntimeTests.MonoBehaviour_CanBeAdded" methodname="MonoBehaviour_CanBeAdded" classname="MRCube.Tests.Runtime.BasicRuntimeTests" runstate="Runnable" seed="1825179502" result="Passed" start-time="2025-07-25 09:06:07Z" end-time="2025-07-25 09:06:07Z" duration="0.000228" asserts="0">
                <properties>
                  <property name="retryIteration" value="0" />
                  <property name="repeatIteration" value="0" />
                </properties>
              </test-case>
              <test-case id="1006" name="MRCube_Namespace_Exists" fullname="MRCube.Tests.Runtime.BasicRuntimeTests.MRCube_Namespace_Exists" methodname="MRCube_Namespace_Exists" classname="MRCube.Tests.Runtime.BasicRuntimeTests" runstate="Runnable" seed="623024768" result="Passed" start-time="2025-07-25 09:06:07Z" end-time="2025-07-25 09:06:07Z" duration="0.000060" asserts="0">
                <properties>
                  <property name="retryIteration" value="0" />
                  <property name="repeatIteration" value="0" />
                </properties>
              </test-case>
              <test-case id="1007" name="Random_FunctionsWork" fullname="MRCube.Tests.Runtime.BasicRuntimeTests.Random_FunctionsWork" methodname="Random_FunctionsWork" classname="MRCube.Tests.Runtime.BasicRuntimeTests" runstate="Runnable" seed="229706511" result="Passed" start-time="2025-07-25 09:06:07Z" end-time="2025-07-25 09:06:07Z" duration="0.000081" asserts="0">
                <properties>
                  <property name="retryIteration" value="0" />
                  <property name="repeatIteration" value="0" />
                </properties>
              </test-case>
              <test-case id="1010" name="Time_IsProgressing" fullname="MRCube.Tests.Runtime.BasicRuntimeTests.Time_IsProgressing" methodname="Time_IsProgressing" classname="MRCube.Tests.Runtime.BasicRuntimeTests" runstate="Runnable" seed="1946375726" result="Passed" start-time="2025-07-25 09:06:07Z" end-time="2025-07-25 09:06:07Z" duration="0.000058" asserts="0">
                <properties>
                  <property name="retryIteration" value="0" />
                  <property name="repeatIteration" value="0" />
                </properties>
              </test-case>
              <test-case id="1002" name="Unity_IsRunning" fullname="MRCube.Tests.Runtime.BasicRuntimeTests.Unity_IsRunning" methodname="Unity_IsRunning" classname="MRCube.Tests.Runtime.BasicRuntimeTests" runstate="Runnable" seed="350752600" result="Passed" start-time="2025-07-25 09:06:07Z" end-time="2025-07-25 09:06:07Z" duration="0.000048" asserts="0">
                <properties>
                  <property name="retryIteration" value="0" />
                  <property name="repeatIteration" value="0" />
                </properties>
              </test-case>
              <test-case id="1008" name="Vector3_MathWorks" fullname="MRCube.Tests.Runtime.BasicRuntimeTests.Vector3_MathWorks" methodname="Vector3_MathWorks" classname="MRCube.Tests.Runtime.BasicRuntimeTests" runstate="Runnable" seed="835278733" result="Passed" start-time="2025-07-25 09:06:07Z" end-time="2025-07-25 09:06:07Z" duration="0.000609" asserts="0">
                <properties>
                  <property name="retryIteration" value="0" />
                  <property name="repeatIteration" value="0" />
                </properties>
              </test-case>
            </test-suite>
            <test-suite type="TestFixture" id="1012" name="SpinCubeTests" fullname="MRCube.Tests.Runtime.SpinCubeTests" classname="MRCube.Tests.Runtime.SpinCubeTests" runstate="Runnable" testcasecount="4" result="Failed" site="Child" start-time="2025-07-25 09:06:07Z" end-time="2025-07-25 09:06:07Z" duration="0.004145" total="4" passed="3" failed="1" inconclusive="0" skipped="0" asserts="0">
              <properties />
              <failure>
                <message><![CDATA[One or more child tests had errors]]></message>
              </failure>
              <test-case id="1014" name="SpinCube_CanBeCreatedOnGameObject" fullname="MRCube.Tests.Runtime.SpinCubeTests.SpinCube_CanBeCreatedOnGameObject" methodname="SpinCube_CanBeCreatedOnGameObject" classname="MRCube.Tests.Runtime.SpinCubeTests" runstate="Runnable" seed="1275756987" result="Passed" start-time="2025-07-25 09:06:07Z" end-time="2025-07-25 09:06:07Z" duration="0.000410" asserts="0">
                <properties>
                  <property name="retryIteration" value="0" />
                  <property name="repeatIteration" value="0" />
                </properties>
              </test-case>
              <test-case id="1016" name="SpinCube_HasConfigurableSpeed" fullname="MRCube.Tests.Runtime.SpinCubeTests.SpinCube_HasConfigurableSpeed" methodname="SpinCube_HasConfigurableSpeed" classname="MRCube.Tests.Runtime.SpinCubeTests" runstate="Runnable" seed="1555888664" result="Passed" start-time="2025-07-25 09:06:07Z" end-time="2025-07-25 09:06:07Z" duration="0.000380" asserts="0">
                <properties>
                  <property name="retryIteration" value="0" />
                  <property name="repeatIteration" value="0" />
                </properties>
              </test-case>
              <test-case id="1015" name="SpinCube_RotatesOverTime" fullname="MRCube.Tests.Runtime.SpinCubeTests.SpinCube_RotatesOverTime" methodname="SpinCube_RotatesOverTime" classname="MRCube.Tests.Runtime.SpinCubeTests" runstate="Runnable" seed="817827574" result="Passed" start-time="2025-07-25 09:06:07Z" end-time="2025-07-25 09:06:07Z" duration="0.001492" asserts="0">
                <properties>
                  <property name="_JOINTYPE" value="UnityCombinatorial" />
                  <property name="retryIteration" value="0" />
                  <property name="repeatIteration" value="0" />
                </properties>
              </test-case>
              <test-case id="1013" name="SpinCube_ScriptExists" fullname="MRCube.Tests.Runtime.SpinCubeTests.SpinCube_ScriptExists" methodname="SpinCube_ScriptExists" classname="MRCube.Tests.Runtime.SpinCubeTests" runstate="Runnable" seed="506026878" result="Failed" start-time="2025-07-25 09:06:07Z" end-time="2025-07-25 09:06:07Z" duration="0.001195" asserts="0">
                <properties>
                  <property name="retryIteration" value="0" />
                  <property name="repeatIteration" value="0" />
                </properties>
                <failure>
                  <message><![CDATA[  SpinCube script should exist in MRCube namespace
  Expected: not null
  But was:  null
]]></message>
                  <stack-trace><![CDATA[at MRCube.Tests.Runtime.SpinCubeTests.SpinCube_ScriptExists () [0x0000a] in /Users/joshuapatterson/Coding/MR-Cube/Assets/Tests/Runtime/SpinCubeTests.cs:18
]]></stack-trace>
                </failure>
                <output><![CDATA[Saving results to: /Users/joshuapatterson/Library/Application Support/Joshua Patterson Dev/MR-Cube/TestResults.xml
]]></output>
              </test-case>
            </test-suite>
          </test-suite>
        </test-suite>
      </test-suite>
    </test-suite>
  </test-suite>
</test-run>